<?xml version="1.0" encoding="UTF-8"?>
<testsuite xmlns:xsi="http://www.w3.org/2001/XMLSchema-instance" xsi:noNamespaceSchemaLocation="https://maven.apache.org/surefire/maven-surefire-plugin/xsd/surefire-test-report.xsd" version="3.0.2" name="com.example.fundamentals.finala.f03.F03MetricsBufferTest" time="0.141" tests="1" errors="1" skipped="0" failures="0" flakes="0">
  <properties>
[...]
</properties>
  <testcase name="bufferRespectsLifecycleAndCapacity" classname="com.example.fundamentals.finala.f03.F03MetricsBufferTest" time="0.127">
    <error message="No qualifying bean of type &apos;com.example.fundamentals.finala.f03.MetricsBuffer&apos; available" type="org.springframework.beans.factory.NoSuchBeanDefinitionException"><![CDATA[org.springframework.beans.factory.NoSuchBeanDefinitionException: No qualifying bean of type 'com.example.fundamentals.finala.f03.MetricsBuffer' available
	at org.springframework.beans.factory.support.DefaultListableBeanFactory.getBean(DefaultListableBeanFactory.java:395)
	at org.springframework.beans.factory.support.DefaultListableBeanFactory.getBean(DefaultListableBeanFactory.java:386)
	at org.springframework.context.support.AbstractApplicationContext.getBean(AbstractApplicationContext.java:1314)
	at com.example.fundamentals.finala.f03.F03MetricsBufferTest.bufferRespectsLifecycleAndCapacity(F03MetricsBufferTest.java:22)
	at java.base/java.lang.reflect.Method.invoke(Method.java:565)
	at java.base/java.util.ArrayList.forEach(ArrayList.java:1604)
	at java.base/java.util.ArrayList.forEach(ArrayList.java:1604)
]]></error>
  </testcase>
</testsuite>